# JRE version: OpenJDK Runtime Environment (8.0_242-b01) (build 1.8.0_242-release-1644-b01)
# Java VM: OpenJDK 64-Bit Server VM (25.242-b01 mixed mode windows-amd64 compressed oops)
Heap:
 PSYoungGen      total 541696K, used 386597K [0x00000000d5580000, 0x00000000fd880000, 0x0000000100000000)
  eden space 494080K, 78% used [0x00000000d5580000,0x00000000ecf09538,0x00000000f3800000)
  from space 47616K, 0% used [0x00000000f7f80000,0x00000000f7f80000,0x00000000fae00000)
  to   space 73216K, 0% used [0x00000000f3800000,0x00000000f3800000,0x00000000f7f80000)
 ParOldGen       total 262656K, used 154637K [0x0000000080000000, 0x0000000090080000, 0x00000000d5580000)
  object space 262656K, 58% used [0x0000000080000000,0x0000000089703520,0x0000000090080000)
 Metaspace       used 91575K, capacity 95952K, committed 98328K, reserved 1134592K
  class space    used 12060K, capacity 12882K, committed 13616K, reserved 1048576K
GC Heap History (10 events):
Event: 34.214 GC heap before
{Heap before GC invocations=17 (full 3):
 PSYoungGen      total 309760K, used 301654K [0x00000000d5580000, 0x00000000f1080000, 0x0000000100000000)
  eden space 284160K, 100% used [0x00000000d5580000,0x00000000e6b00000,0x00000000e6b00000)
  from space 25600K, 68% used [0x00000000e6b00000,0x00000000e7c15968,0x00000000e8400000)
  to   space 26624K, 0% used [0x00000000ef680000,0x00000000ef680000,0x00000000f1080000)
 ParOldGen       total 93696K, used 52885K [0x0000000080000000, 0x0000000085b80000, 0x00000000d5580000)
  object space 93696K, 56% used [0x0000000080000000,0x00000000833a54e8,0x0000000085b80000)
 Metaspace       used 75195K, capacity 78812K, committed 78872K, reserved 1118208K
  class space    used 10064K, capacity 10742K, committed 10800K, reserved 1048576K
Event: 34.231 GC heap after
Heap after GC invocations=17 (full 3):
 PSYoungGen      total 403968K, used 14808K [0x00000000d5580000, 0x00000000f0500000, 0x0000000100000000)
  eden space 389120K, 0% used [0x00000000d5580000,0x00000000d5580000,0x00000000ed180000)
  from space 14848K, 99% used [0x00000000ef680000,0x00000000f04f62c0,0x00000000f0500000)
  to   space 26112K, 0% used [0x00000000ed200000,0x00000000ed200000,0x00000000eeb80000)
 ParOldGen       total 93696K, used 66507K [0x0000000080000000, 0x0000000085b80000, 0x00000000d5580000)
  object space 93696K, 70% used [0x0000000080000000,0x00000000840f2dd8,0x0000000085b80000)
 Metaspace       used 75195K, capacity 78812K, committed 78872K, reserved 1118208K
  class space    used 10064K, capacity 10742K, committed 10800K, reserved 1048576K
}
Event: 40.922 GC heap before
{Heap before GC invocations=18 (full 3):
 PSYoungGen      total 403968K, used 403917K [0x00000000d5580000, 0x00000000f0500000, 0x0000000100000000)
  eden space 389120K, 99% used [0x00000000d5580000,0x00000000ed17d4c0,0x00000000ed180000)
  from space 14848K, 99% used [0x00000000ef680000,0x00000000f04f62c0,0x00000000f0500000)
  to   space 26112K, 0% used [0x00000000ed200000,0x00000000ed200000,0x00000000eeb80000)
 ParOldGen       total 93696K, used 66507K [0x0000000080000000, 0x0000000085b80000, 0x00000000d5580000)
  object space 93696K, 70% used [0x0000000080000000,0x00000000840f2dd8,0x0000000085b80000)
 Metaspace       used 85842K, capacity 91562K, committed 91800K, reserved 1128448K
  class space    used 11749K, capacity 12865K, committed 12976K, reserved 1048576K
Event: 40.968 GC heap after
Heap after GC invocations=18 (full 3):
 PSYoungGen      total 415744K, used 26104K [0x00000000d5580000, 0x00000000fae00000, 0x0000000100000000)
  eden space 389632K, 0% used [0x00000000d5580000,0x00000000d5580000,0x00000000ed200000)
  from space 26112K, 99% used [0x00000000ed200000,0x00000000eeb7e310,0x00000000eeb80000)
  to   space 47616K, 0% used [0x00000000f7f80000,0x00000000f7f80000,0x00000000fae00000)
 ParOldGen       total 114688K, used 114625K [0x0000000080000000, 0x0000000087000000, 0x00000000d5580000)
  object space 114688K, 99% used [0x0000000080000000,0x0000000086ff0580,0x0000000087000000)
 Metaspace       used 85842K, capacity 91562K, committed 91800K, reserved 1128448K
  class space    used 11749K, capacity 12865K, committed 12976K, reserved 1048576K
}
Event: 40.968 GC heap before
{Heap before GC invocations=19 (full 4):
 PSYoungGen      total 415744K, used 26104K [0x00000000d5580000, 0x00000000fae00000, 0x0000000100000000)
  eden space 389632K, 0% used [0x00000000d5580000,0x00000000d5580000,0x00000000ed200000)
  from space 26112K, 99% used [0x00000000ed200000,0x00000000eeb7e310,0x00000000eeb80000)
  to   space 47616K, 0% used [0x00000000f7f80000,0x00000000f7f80000,0x00000000fae00000)
 ParOldGen       total 114688K, used 114625K [0x0000000080000000, 0x0000000087000000, 0x00000000d5580000)
  object space 114688K, 99% used [0x0000000080000000,0x0000000086ff0580,0x0000000087000000)
 Metaspace       used 85842K, capacity 91562K, committed 91800K, reserved 1128448K
  class space    used 11749K, capacity 12865K, committed 12976K, reserved 1048576K
Event: 41.333 GC heap after
Heap after GC invocations=19 (full 4):
 PSYoungGen      total 415744K, used 19896K [0x00000000d5580000, 0x00000000fae00000, 0x0000000100000000)
  eden space 389632K, 0% used [0x00000000d5580000,0x00000000d5580000,0x00000000ed200000)
  from space 26112K, 76% used [0x00000000ed200000,0x00000000ee56e2b8,0x00000000eeb80000)
  to   space 47616K, 0% used [0x00000000f7f80000,0x00000000f7f80000,0x00000000fae00000)
 ParOldGen       total 195584K, used 109701K [0x0000000080000000, 0x000000008bf00000, 0x00000000d5580000)
  object space 195584K, 56% used [0x0000000080000000,0x0000000086b214b8,0x000000008bf00000)
 Metaspace       used 84530K, capacity 88334K, committed 91800K, reserved 1128448K
  class space    used 11289K, capacity 12041K, committed 12976K, reserved 1048576K
}
Event: 95.027 GC heap before
{Heap before GC invocations=20 (full 4):
 PSYoungGen      total 415744K, used 409528K [0x00000000d5580000, 0x00000000fae00000, 0x0000000100000000)
  eden space 389632K, 100% used [0x00000000d5580000,0x00000000ed200000,0x00000000ed200000)
  from space 26112K, 76% used [0x00000000ed200000,0x00000000ee56e2b8,0x00000000eeb80000)
  to   space 47616K, 0% used [0x00000000f7f80000,0x00000000f7f80000,0x00000000fae00000)
 ParOldGen       total 195584K, used 109701K [0x0000000080000000, 0x000000008bf00000, 0x00000000d5580000)
  object space 195584K, 56% used [0x0000000080000000,0x0000000086b214b8,0x000000008bf00000)
 Metaspace       used 90679K, capacity 94858K, committed 97560K, reserved 1132544K
  class space    used 11970K, capacity 12806K, committed 13616K, reserved 1048576K
Event: 95.080 GC heap after
Heap after GC invocations=20 (full 4):
 PSYoungGen      total 541696K, used 47614K [0x00000000d5580000, 0x00000000fd880000, 0x0000000100000000)
  eden space 494080K, 0% used [0x00000000d5580000,0x00000000d5580000,0x00000000f3800000)
  from space 47616K, 99% used [0x00000000f7f80000,0x00000000fadff910,0x00000000fae00000)
  to   space 73216K, 0% used [0x00000000f3800000,0x00000000f3800000,0x00000000f7f80000)
 ParOldGen       total 195584K, used 157535K [0x0000000080000000, 0x000000008bf00000, 0x00000000d5580000)
  object space 195584K, 80% used [0x0000000080000000,0x00000000899d7f10,0x000000008bf00000)
 Metaspace       used 90679K, capacity 94858K, committed 97560K, reserved 1132544K
  class space    used 11970K, capacity 12806K, committed 13616K, reserved 1048576K
}
Event: 95.080 GC heap before
{Heap before GC invocations=21 (full 5):
 PSYoungGen      total 541696K, used 47614K [0x00000000d5580000, 0x00000000fd880000, 0x0000000100000000)
  eden space 494080K, 0% used [0x00000000d5580000,0x00000000d5580000,0x00000000f3800000)
  from space 47616K, 99% used [0x00000000f7f80000,0x00000000fadff910,0x00000000fae00000)
  to   space 73216K, 0% used [0x00000000f3800000,0x00000000f3800000,0x00000000f7f80000)
 ParOldGen       total 195584K, used 157535K [0x0000000080000000, 0x000000008bf00000, 0x00000000d5580000)
  object space 195584K, 80% used [0x0000000080000000,0x00000000899d7f10,0x000000008bf00000)
 Metaspace       used 90679K, capacity 94858K, committed 97560K, reserved 1132544K
  class space    used 11970K, capacity 12806K, committed 13616K, reserved 1048576K
Event: 95.238 GC heap after
Heap after GC invocations=21 (full 5):
 PSYoungGen      total 541696K, used 0K [0x00000000d5580000, 0x00000000fd880000, 0x0000000100000000)
  eden space 494080K, 0% used [0x00000000d5580000,0x00000000d5580000,0x00000000f3800000)
  from space 47616K, 0% used [0x00000000f7f80000,0x00000000f7f80000,0x00000000fae00000)
  to   space 73216K, 0% used [0x00000000f3800000,0x00000000f3800000,0x00000000f7f80000)
 ParOldGen       total 262656K, used 154637K [0x0000000080000000, 0x0000000090080000, 0x00000000d5580000)
  object space 262656K, 58% used [0x0000000080000000,0x0000000089703520,0x0000000090080000)
 Metaspace       used 90679K, capacity 94858K, committed 97560K, reserved 1132544K
  class space    used 11970K, capacity 12806K, committed 13616K, reserved 1048576K
}

